2013/06/28 22:09:50 [error] [system.db.CDbCommand] CDbCommand::fetchAll() failed: SQLSTATE[42S02]: Base table or view not found: 1146 Table 'testadmin.person' doesn't exist. The SQL statement executed was: SHOW COLUMNS FROM `person`.
in /home/qicfan/webroot/test/protected/models/Person.php (25)
in /home/qicfan/webroot/test/protected/controllers/SiteController.php (56)
in /home/qicfan/webroot/test/htdocs/index.php (36)
2013/06/28 22:09:50 [error] [exception.CDbException] exception 'CDbException' with message '数据库中无法找到 active record class "Person" 对应的 table "person".' in /home/qicfan/webroot/test/framework/db/ar/CActiveRecord.php:2264
Stack trace:
#0 /home/qicfan/webroot/test/framework/db/ar/CActiveRecord.php(379): CActiveRecordMetaData->__construct(Object(Person))
#1 /home/qicfan/webroot/test/protected/models/Person.php(25): CActiveRecord::model('Person')
#2 /home/qicfan/webroot/test/protected/controllers/SiteController.php(56): Person::model()
#3 /home/qicfan/webroot/test/framework/web/actions/CInlineAction.php(50): SiteController->actionIndex()
#4 /home/qicfan/webroot/test/framework/web/CController.php(309): CInlineAction->runWithParams(Array)
#5 /home/qicfan/webroot/test/framework/web/filters/CFilterChain.php(134): CController->runAction(Object(CInlineAction))
#6 /home/qicfan/webroot/test/framework/web/filters/CFilter.php(41): CFilterChain->run()
#7 /home/qicfan/webroot/test/framework/web/CController.php(1146): CFilter->filter(Object(CFilterChain))
#8 /home/qicfan/webroot/test/framework/web/filters/CInlineFilter.php(59): CController->filterAccessControl(Object(CFilterChain))
#9 /home/qicfan/webroot/test/framework/web/filters/CFilterChain.php(131): CInlineFilter->filter(Object(CFilterChain))
#10 /home/qicfan/webroot/test/framework/web/CController.php(292): CFilterChain->run()
#11 /home/qicfan/webroot/test/framework/web/CController.php(266): CController->runActionWithFilters(Object(CInlineAction), Array)
#12 /home/qicfan/webroot/test/framework/web/CWebApplication.php(276): CController->run('index')
#13 /home/qicfan/webroot/test/framework/web/CWebApplication.php(135): CWebApplication->runController('site/index')
#14 /home/qicfan/webroot/test/framework/base/CApplication.php(162): CWebApplication->processRequest()
#15 /home/qicfan/webroot/test/htdocs/index.php(36): CApplication->run()
#16 {main}
REQUEST_URI=/site/index
HTTP_REFERER=http://test.zeroq.me/qrbac/site/login
---
2013/06/28 22:40:57 [error] [exception.CHttpException.404] exception 'CHttpException' with message '无法解析请求 "admincache/admin"。' in /home/qicfan/webroot/test/framework/web/CWebApplication.php:280
Stack trace:
#0 /home/qicfan/webroot/test/framework/web/CWebApplication.php(135): CWebApplication->runController('admincache/admi...')
#1 /home/qicfan/webroot/test/framework/base/CApplication.php(162): CWebApplication->processRequest()
#2 /home/qicfan/webroot/test/htdocs/index.php(36): CApplication->run()
#3 {main}
REQUEST_URI=/admincache/admin
HTTP_REFERER=http://test.zeroq.me/site/index
---
